  Project.c
C:\Users\user\Desktop\Project\Project\Project.c(31,1): warning C4047:  '초기화 중': 'NODE *'의 간접 참조 수준이 'node *'과(와) 다릅니다.
C:\Users\user\Desktop\Project\Project\Project.c(35,1): warning C4996:  'scanf': This function or variable may be unsafe. Consider using scanf_s instead. To disable deprecation, use _CRT_SECURE_NO_WARNINGS. See online help for details.
C:\Program Files (x86)\Windows Kits\10\Include\10.0.17763.0\ucrt\stdio.h(1274): message :  'scanf' 선언을 참조하십시오.
C:\Users\user\Desktop\Project\Project\Project.c(45,1): warning C4996:  'scanf': This function or variable may be unsafe. Consider using scanf_s instead. To disable deprecation, use _CRT_SECURE_NO_WARNINGS. See online help for details.
C:\Program Files (x86)\Windows Kits\10\Include\10.0.17763.0\ucrt\stdio.h(1274): message :  'scanf' 선언을 참조하십시오.
C:\Users\user\Desktop\Project\Project\Project.c(74,19): warning C4244:  '=': 'double'에서 'int'(으)로 변환하면서 데이터가 손실될 수 있습니다.
C:\Users\user\Desktop\Project\Project\Project.c(54,1): warning C4244:  '초기화 중': 'double'에서 'int'(으)로 변환하면서 데이터가 손실될 수 있습니다.
C:\Users\user\Desktop\Project\Project\Project.c(55,1): warning C4244:  '초기화 중': 'double'에서 'int'(으)로 변환하면서 데이터가 손실될 수 있습니다.
C:\Users\user\Desktop\Project\Project\Project.c(137,23): warning C4244:  '=': 'double'에서 'int'(으)로 변환하면서 데이터가 손실될 수 있습니다.
C:\Users\user\Desktop\Project\Project\Project.c(112,1): warning C4244:  '초기화 중': 'double'에서 'int'(으)로 변환하면서 데이터가 손실될 수 있습니다.
C:\Users\user\Desktop\Project\Project\Project.c(114,1): warning C4244:  '초기화 중': 'double'에서 'int'(으)로 변환하면서 데이터가 손실될 수 있습니다.
C:\Users\user\Desktop\Project\Project\Project.c(223,47): warning C4047:  '=': 'graphPointer'의 간접 참조 수준이 'int'과(와) 다릅니다.
C:\Users\user\Desktop\Project\Project\Project.c(224,54): warning C4047:  '=': 'graphPointer'의 간접 참조 수준이 'int'과(와) 다릅니다.
C:\Users\user\Desktop\Project\Project\Project.c(230,49): warning C4047:  '=': 'graphPointer'의 간접 참조 수준이 'int'과(와) 다릅니다.
C:\Users\user\Desktop\Project\Project\Project.c(232,54): warning C4047:  '=': 'graphPointer'의 간접 참조 수준이 'int'과(와) 다릅니다.
C:\Users\user\Desktop\Project\Project\Project.c(236,61): warning C4047:  '=': 'graphPointer'의 간접 참조 수준이 'int'과(와) 다릅니다.
C:\Users\user\Desktop\Project\Project\Project.c(216,1): warning C4244:  '초기화 중': 'double'에서 'int'(으)로 변환하면서 데이터가 손실될 수 있습니다.
C:\Users\user\Desktop\Project\Project\Project.c(217,1): warning C4244:  '초기화 중': 'double'에서 'int'(으)로 변환하면서 데이터가 손실될 수 있습니다.
C:\Users\user\Desktop\Project\Project\Project.c(254,12): warning C4047:  'return': 'int'의 간접 참조 수준이 'graph *'과(와) 다릅니다.
C:\Users\user\Desktop\Project\Project\Project.c(254,12): warning C4047: C:\Users\user\Desktop\Project\Project\Project.c(86) : warning C4716: 'CreateBTree': 값을 반환해야 합니다.
C:\Users\user\Desktop\Project\Project\Project.c(254,12): warning C4047: C:\Users\user\Desktop\Project\Project\Project.c(187) : warning C4716: 'SearchBFS': 값을 반환해야 합니다.
LINK : fatal error LNK1168: C:\Users\user\Desktop\Project\Debug\Project.exe을(를) 쓰기용으로 열 수 없습니다.
